<?xml version="1.0" encoding="UTF-8"?>
<testng-results skipped="0" failed="0" total="1" passed="1">
  <reporter-output>
  </reporter-output>
  <suite name="Default suite" duration-ms="16120" started-at="2017-10-24T11:14:06Z" finished-at="2017-10-24T11:14:22Z">
    <groups>
    </groups>
    <test name="Default test" duration-ms="16120" started-at="2017-10-24T11:14:06Z" finished-at="2017-10-24T11:14:22Z">
      <class name="com.testcompany.project.Projectcafe.CafeTest">
        <test-method status="PASS" signature="Init()[pri:0, instance:com.testcompany.project.Projectcafe.CafeTest@100fc185]" name="Init" is-config="true" duration-ms="4492" started-at="2017-10-24T22:14:06Z" finished-at="2017-10-24T22:14:11Z">
          <reporter-output>
          </reporter-output>
        </test-method> <!-- Init -->
        <test-method status="PASS" signature="TestMethod()[pri:0, instance:com.testcompany.project.Projectcafe.CafeTest@100fc185]" name="TestMethod" duration-ms="11013" started-at="2017-10-24T22:14:11Z" finished-at="2017-10-24T22:14:22Z">
          <reporter-output>
          </reporter-output>
        </test-method> <!-- TestMethod -->
        <test-method status="PASS" signature="driverClose()[pri:0, instance:com.testcompany.project.Projectcafe.CafeTest@100fc185]" name="driverClose" is-config="true" duration-ms="600" started-at="2017-10-24T22:14:22Z" finished-at="2017-10-24T22:14:22Z">
          <reporter-output>
          </reporter-output>
        </test-method> <!-- driverClose -->
      </class> <!-- com.testcompany.project.Projectcafe.CafeTest -->
    </test> <!-- Default test -->
  </suite> <!-- Default suite -->
</testng-results>
