<?xml version="1.0" encoding="UTF-8"?>
<testng-results skipped="0" failed="0" total="1" passed="1">
  <reporter-output>
  </reporter-output>
  <suite name="com.testcompany.project.Projectcafe.CafeTest" duration-ms="9922" started-at="2017-10-25T07:08:34Z" finished-at="2017-10-25T07:08:44Z">
    <groups>
    </groups>
    <test name="Command line test" duration-ms="9922" started-at="2017-10-25T07:08:34Z" finished-at="2017-10-25T07:08:44Z">
      <class name="com.testcompany.project.Projectcafe.CafeTest">
        <test-method status="PASS" signature="Init()[pri:0, instance:com.testcompany.project.Projectcafe.CafeTest@67b64c45]" name="Init" is-config="true" duration-ms="2643" started-at="2017-10-25T18:08:34Z" finished-at="2017-10-25T18:08:36Z">
          <reporter-output>
          </reporter-output>
        </test-method> <!-- Init -->
        <test-method status="PASS" signature="TestMethod()[pri:0, instance:com.testcompany.project.Projectcafe.CafeTest@67b64c45]" name="TestMethod" duration-ms="6904" started-at="2017-10-25T18:08:36Z" finished-at="2017-10-25T18:08:43Z">
          <reporter-output>
          </reporter-output>
        </test-method> <!-- TestMethod -->
        <test-method status="PASS" signature="driverClose()[pri:0, instance:com.testcompany.project.Projectcafe.CafeTest@67b64c45]" name="driverClose" is-config="true" duration-ms="365" started-at="2017-10-25T18:08:43Z" finished-at="2017-10-25T18:08:44Z">
          <reporter-output>
          </reporter-output>
        </test-method> <!-- driverClose -->
      </class> <!-- com.testcompany.project.Projectcafe.CafeTest -->
    </test> <!-- Command line test -->
  </suite> <!-- com.testcompany.project.Projectcafe.CafeTest -->
</testng-results>
